\BOOKMARK [1][-]{section.1}{ }{}
\BOOKMARK [2][-]{subsection.1.1}{ \040.}{section.1}
\BOOKMARK [2][-]{subsection.1.2}{ \040 .}{section.1}
\BOOKMARK [2][-]{subsection.1.3}{ :}{section.1}
\BOOKMARK [2][-]{subsection.1.4}{ \040 \040.}{section.1}
\BOOKMARK [1][-]{section.2}{.}{}
\BOOKMARK [2][-]{subsection.2.1}{.}{section.2}
\BOOKMARK [2][-]{subsection.2.2}{ .}{section.2}
\BOOKMARK [2][-]{subsection.2.3}{ \040.}{section.2}
\BOOKMARK [2][-]{subsection.2.4}{ \040 \040.}{section.2}
\BOOKMARK [2][-]{subsection.2.5}{ .}{section.2}
\BOOKMARK [1][-]{section.3}{ \040 .}{}
\BOOKMARK [2][-]{subsection.3.1}{, \040 \040.}{section.3}
\BOOKMARK [2][-]{subsection.3.2}{ .}{section.3}
\BOOKMARK [2][-]{subsection.3.3}{ .}{section.3}
\BOOKMARK [2][-]{subsection.3.4}{ .}{section.3}
\BOOKMARK [2][-]{subsection.3.5}{ }{section.3}
\BOOKMARK [2][-]{subsection.3.6}{ }{section.3}
\BOOKMARK [1][-]{section.4}{.}{}
\BOOKMARK [1][-]{section.5}{ 7 \( \040 \).}{}
\BOOKMARK [2][-]{subsection.5.1}{ \040}{section.5}
\BOOKMARK [2][-]{subsection.5.2}{.}{section.5}
\BOOKMARK [2][-]{subsection.5.3}{ .}{section.5}
